{"type":"server-started","port":56738,"host":"127.0.0.1","url_host":"localhost","url":"http://localhost:56738","screen_dir":"/Users/mert/Developer/AI-Experiments/BackgroundBreath/.superpowers/brainstorm/8806-1773177725"}
{"type":"screen-added","file":"/Users/mert/Developer/AI-Experiments/BackgroundBreath/.superpowers/brainstorm/8806-1773177725/overlay-position.html"}
{"source":"user-event","type":"click","text":"your screen\n        draggable\n      \n    \n    \n      Freely floating\n      Draggable anywhere. You place it where it works for your setup. Slightly more complexity to implement.","choice":"floating-free","id":null,"timestamp":1773178044503}
{"source":"user-event","type":"click","text":"your screen\n        draggable\n      \n    \n    \n      Freely floating\n      Draggable anywhere. You place it where it works for your setup. Slightly more complexity to implement.","choice":"floating-free","id":null,"timestamp":1773178047127}
{"source":"user-event","type":"click","text":"your screen\n        draggable\n      \n    \n    \n      Freely floating\n      Draggable anywhere. You place it where it works for your setup. Slightly more complexity to implement.","choice":"floating-free","id":null,"timestamp":1773178047277}
{"source":"user-event","type":"click","text":"your screen\n        draggable\n      \n    \n    \n      Freely floating\n      Draggable anywhere. You place it where it works for your setup. Slightly more complexity to implement.","choice":"floating-free","id":null,"timestamp":1773178072635}
{"source":"user-event","type":"click","text":"your screen\n        draggable\n      \n    \n    \n      Freely floating\n      Draggable anywhere. You place it where it works for your setup. Slightly more complexity to implement.","choice":"floating-free","id":null,"timestamp":1773178072794}
{"source":"user-event","type":"click","text":"your screen\n        draggable\n      \n    \n    \n      Freely floating\n      Draggable anywhere. You place it where it works for your setup. Slightly more complexity to implement.","choice":"floating-free","id":null,"timestamp":1773178072961}
{"source":"user-event","type":"click","text":"your screen\n        draggable\n      \n    \n    \n      Freely floating\n      Draggable anywhere. You place it where it works for your setup. Slightly more complexity to implement.","choice":"floating-free","id":null,"timestamp":1773178073161}
{"source":"user-event","type":"click","text":"your screen\n        draggable\n      \n    \n    \n      Freely floating\n      Draggable anywhere. You place it where it works for your setup. Slightly more complexity to implement.","choice":"floating-free","id":null,"timestamp":1773178074093}
{"source":"user-event","type":"click","text":"your screen\n        draggable\n      \n    \n    \n      Freely floating\n      Draggable anywhere. You place it where it works for your setup. Slightly more complexity to implement.","choice":"floating-free","id":null,"timestamp":1773178074277}
{"source":"user-event","type":"click","text":"your screen\n        draggable\n      \n    \n    \n      Freely floating\n      Draggable anywhere. You place it where it works for your setup. Slightly more complexity to implement.","choice":"floating-free","id":null,"timestamp":1773178077218}
{"source":"user-event","type":"click","text":"your screen\n        draggable\n      \n    \n    \n      Freely floating\n      Draggable anywhere. You place it where it works for your setup. Slightly more complexity to implement.","choice":"floating-free","id":null,"timestamp":1773178078436}
{"source":"user-event","type":"click","text":"your screen\n        draggable\n      \n    \n    \n      Freely floating\n      Draggable anywhere. You place it where it works for your setup. Slightly more complexity to implement.","choice":"floating-free","id":null,"timestamp":1773178084839}
{"source":"user-event","type":"click","text":"your screen\n        draggable\n      \n    \n    \n      Freely floating\n      Draggable anywhere. You place it where it works for your setup. Slightly more complexity to implement.","choice":"floating-free","id":null,"timestamp":1773178087800}
{"type":"screen-added","file":"/Users/mert/Developer/AI-Experiments/BackgroundBreath/.superpowers/brainstorm/8806-1773177725/visual-style.html"}
{"source":"user-event","type":"click","text":"Soft glow — warm\n      Same glow as option A but amber/orange tones. Warmer, less clinical, more candlelike.","choice":"glow-warm","id":null,"timestamp":1773178203848}
{"type":"screen-added","file":"/Users/mert/Developer/AI-Experiments/BackgroundBreath/.superpowers/brainstorm/8806-1773177725/circle-size.html"}
{"source":"user-event","type":"click","text":"Medium (~60pt)\n      Noticeable without being distracting. Good balance for most setups.","choice":"medium","id":null,"timestamp":1773178323006}
{"type":"screen-added","file":"/Users/mert/Developer/AI-Experiments/BackgroundBreath/.superpowers/brainstorm/8806-1773177725/waiting.html"}
{"type":"screen-added","file":"/Users/mert/Developer/AI-Experiments/BackgroundBreath/.superpowers/brainstorm/8806-1773177725/design-overview.html"}
{"type":"screen-added","file":"/Users/mert/Developer/AI-Experiments/BackgroundBreath/.superpowers/brainstorm/8806-1773177725/design-overview-v2.html"}
